0 info it worked if it ends with ok
1 verbose cli [ '/usr/local/Cellar/node/0.8.8/bin/node',
1 verbose cli   '/usr/local/bin/npm',
1 verbose cli   'start' ]
2 info using npm@1.1.59
3 info using node@v0.8.8
4 verbose read json /Users/mkoskela/work/tut/projects/magos/code/magical/editor3/package.json
5 verbose run-script [ 'prestart', 'start', 'poststart' ]
6 info prestart magos-editor@0.0.1
7 info start magos-editor@0.0.1
8 verbose unsafe-perm in lifecycle true
9 silly exec sh "-c" "supervisor app/server"
10 silly sh,-c,supervisor app/server,/Users/mkoskela/work/tut/projects/magos/code/magical/editor3 spawning
11 info magos-editor@0.0.1 Failed to exec start script
12 error magos-editor@0.0.1 start: `supervisor app/server`
12 error `sh "-c" "supervisor app/server"` failed with 1
13 error Failed at the magos-editor@0.0.1 start script.
13 error This is most likely a problem with the magos-editor package,
13 error not with npm itself.
13 error Tell the author that this fails on your system:
13 error     supervisor app/server
13 error You can get their info via:
13 error     npm owner ls magos-editor
13 error There is likely additional logging output above.
14 error System Darwin 12.5.0
15 error command "/usr/local/Cellar/node/0.8.8/bin/node" "/usr/local/bin/npm" "start"
16 error cwd /Users/mkoskela/work/tut/projects/magos/code/magical/editor3
17 error node -v v0.8.8
18 error npm -v 1.1.59
19 error code ELIFECYCLE
20 verbose exit [ 1, true ]
